{"level":"\u001b[31merror\u001b[0m","time":"wechatBot[2023/01/16 - 22:14:20.041]","caller":"/home/spike/project/myown/WechatBot/handlers/msgUserHandler.go:38","message":"èŽ·å–å¸ä»·é”™è¯¯"}
{"level":"\u001b[31merror\u001b[0m","time":"wechatBot[2023/01/16 - 22:14:58.283]","caller":"/home/spike/project/myown/WechatBot/handlers/msgUserHandler.go:34","message":"èŽ·å–ä¿¡æ¯é”™è¯¯"}
{"level":"\u001b[31merror\u001b[0m","time":"wechatBot[2023/01/16 - 22:15:53.306]","caller":"/home/spike/project/myown/WechatBot/handlers/msgUserHandler.go:38","message":"èŽ·å–å¸ä»·é”™è¯¯","error":"get coin error: symbol not in the token list"}
{"level":"\u001b[31merror\u001b[0m","time":"wechatBot[2023/01/16 - 22:15:53.306]","caller":"/home/spike/project/myown/WechatBot/handlers/msgHandler.go:69","message":"","error":"get coin error: symbol not in the token list"}
{"level":"\u001b[31merror\u001b[0m","time":"wechatBot[2023/01/16 - 22:21:01.951]","caller":"/home/spike/project/myown/WechatBot/handlers/msgUserHandler.go:38","message":"èŽ·å–å¸ä»·é”™è¯¯"}
{"level":"\u001b[31merror\u001b[0m","time":"wechatBot[2023/01/16 - 22:21:05.040]","caller":"/home/spike/project/myown/WechatBot/handlers/msgUserHandler.go:34","message":"èŽ·å–ä¿¡æ¯é”™è¯¯"}
{"level":"\u001b[31merror\u001b[0m","time":"wechatBot[2023/01/16 - 22:21:07.044]","caller":"/home/spike/project/myown/WechatBot/handlers/msgUserHandler.go:38","message":"èŽ·å–å¸ä»·é”™è¯¯","error":"get coin error: symbol not in the token list"}
{"level":"\u001b[31merror\u001b[0m","time":"wechatBot[2023/01/16 - 22:21:07.044]","caller":"/home/spike/project/myown/WechatBot/handlers/msgHandler.go:69","message":"","error":"get coin error: symbol not in the token list"}
wechatBot[2023/01/16 - 23:28:14.329]	[31merror[0m	/home/spike/project/myown/WechatBot/handlers/msgHandler.go:69		{"error": "get coin error: Coin List Not Update"}
wechatBot[2023/01/16 - 23:28:26.607]	[31merror[0m	/home/spike/project/myown/WechatBot/handlers/msgHandler.go:50		{"error": "get coin error: Coin List Not Update"}
wechatBot[2023/01/16 - 23:29:07.865]	[31merror[0m	/home/spike/project/myown/WechatBot/handlers/msgHandler.go:69		{"error": "get coin error: Coin List Not Update"}
wechatBot[2023/01/16 - 23:29:19.239]	[31merror[0m	/home/spike/project/myown/WechatBot/handlers/msgHandler.go:50		{"error": "get coin error: Coin List Not Update"}
wechatBot[2023/01/16 - 23:40:31.273]	[31merror[0m	/home/spike/project/myown/WechatBot/handlers/msgHandler.go:50		{"error": "get coin price error: Get \"https://api.coingecko.com/api/v3/coins/markets?ids=matic&order=market_cap_desc&page=1&per_page=1&sparkline=false&vs_currency=usd\": read tcp 127.0.0.1:38100->127.0.0.1:7890: read: connection reset by peer"}
wechatBot[2023/01/16 - 23:51:02.519]	[31merror[0m	/home/spike/project/myown/WechatBot/handlers/msgHandler.go:50		{"error": "get coin message error: did not get result"}
wechatBot[2023/01/16 - 23:51:14.921]	[31merror[0m	/home/spike/project/myown/WechatBot/handlers/msgHandler.go:50		{"error": "get coin message error: did not get result"}
wechatBot[2023/01/16 - 23:53:40.565]	[31merror[0m	/home/spike/project/myown/WechatBot/handlers/msgHandler.go:50		{"error": "get coin message error: did not get result"}
wechatBot[2023/01/16 - 23:53:52.328]	[31merror[0m	/home/spike/project/myown/WechatBot/handlers/msgHandler.go:50		{"error": "get coin message error: did not get result"}
wechatBot[2023/01/16 - 23:54:09.622]	[31merror[0m	/home/spike/project/myown/WechatBot/handlers/msgHandler.go:50		{"error": "get coin message error: did not get result"}
wechatBot[2023/01/16 - 23:54:34.598]	[31merror[0m	/home/spike/project/myown/WechatBot/handlers/msgHandler.go:50		{"error": "get coin message error: did not get result"}
wechatBot[2023/01/16 - 23:56:27.610]	[31merror[0m	/home/spike/project/myown/WechatBot/handlers/msgHandler.go:50		{"error": "get coin message error: did not get result"}
wechatBot[2023/01/16 - 23:56:46.872]	[31merror[0m	/home/spike/project/myown/WechatBot/handlers/msgHandler.go:50		{"error": "get coin message error: Get \"https://api.coingecko.com/api/v3/coins/markets?ids=matic&order=market_cap_desc&page=1&per_page=1&sparkline=false&vs_currency=usd\": read tcp 127.0.0.1:33008->127.0.0.1:7890: read: connection reset by peer"}
wechatBot[2023/01/16 - 23:56:49.528]	[31merror[0m	/home/spike/project/myown/WechatBot/handlers/msgHandler.go:50		{"error": "get coin message error: did not get result"}
wechatBot[2023/01/16 - 23:56:51.578]	[31merror[0m	/home/spike/project/myown/WechatBot/handlers/msgHandler.go:50		{"error": "get coin message error: did not get result"}
wechatBot[2023/01/16 - 23:57:04.520]	[31merror[0m	/home/spike/project/myown/WechatBot/handlers/msgHandler.go:50		{"error": "get coin message error: did not get result"}
wechatBot[2023/01/16 - 23:58:51.992]	[31merror[0m	/home/spike/project/myown/WechatBot/handlers/msgHandler.go:50		{"error": "get coin message error: Get \"https://api.coingecko.com/api/v3/coins/markets?ids=matic-network&order=market_cap_desc&page=1&per_page=1&sparkline=false&vs_currency=usd\": context deadline exceeded (Client.Timeout exceeded while awaiting headers)"}
