[2023/02/09 - 15:44:38.206]	[31merror[0m	/home/spike/project/myown/WechatBot/handlers/msgHandler.go:73		{"error": "æ²¡æœ‰è·å–åˆ°æ¶ˆæ¯: <nil>"}
[2023/02/09 - 15:45:50.911]	[31merror[0m	/home/spike/project/myown/WechatBot/handlers/msgHandler.go:73		{"error": "æ²¡æœ‰è·å–åˆ°æ¶ˆæ¯: <nil>"}
[2023/02/09 - 15:50:21.765]	[31merror[0m	/home/spike/project/myown/WechatBot/handlers/msgHandler.go:73		{"error": "æ²¡æœ‰è·å–åˆ°æ¶ˆæ¯: <nil>"}
[2023/02/09 - 16:21:32.136]	[31merror[0m	/home/spike/project/myown/WechatBot/handlers/msgHandler.go:73		{"error": "æ²¡æœ‰è·å–åˆ°æ¶ˆæ¯: <nil>"}
[2023/02/09 - 16:23:50.574]	[31merror[0m	/home/spike/project/myown/WechatBot/handlers/msgHandler.go:54		{"error": "get gpt reply error :<nil>"}
[2023/02/09 - 16:40:42.944]	[31merror[0m	/home/spike/project/myown/WechatBot/handlers/msgHandler.go:73		{"error": "æ²¡æœ‰è·å–åˆ°æ¶ˆæ¯: <nil>"}
[2023/02/09 - 16:40:58.452]	[31merror[0m	/home/spike/project/myown/WechatBot/handlers/msgHandler.go:73		{"error": "æ²¡æœ‰è·å–åˆ°æ¶ˆæ¯: <nil>"}
[2023/02/09 - 16:41:48.688]	[31merror[0m	/home/spike/project/myown/WechatBot/handlers/msgHandler.go:54		{"error": "got a nil reply"}
[2023/02/09 - 16:45:05.350]	[31merror[0m	/home/spike/project/myown/WechatBot/handlers/msgHandler.go:73		{"error": "æ²¡æœ‰è·å–åˆ°æ¶ˆæ¯: <nil>"}
[2023/02/09 - 16:45:06.953]	[31merror[0m	/home/spike/project/myown/WechatBot/handlers/msgHandler.go:73		{"error": "æ²¡æœ‰è·å–åˆ°æ¶ˆæ¯: <nil>"}
[2023/02/09 - 16:45:12.653]	[31merror[0m	/home/spike/project/myown/WechatBot/handlers/msgHandler.go:54		{"error": "got a nil reply"}
[2023/02/09 - 16:45:17.269]	[31merror[0m	/home/spike/project/myown/WechatBot/handlers/msgHandler.go:54		{"error": "get gpt reply error :<nil>"}
[2023/02/09 - 16:47:25.928]	[31merror[0m	/home/spike/project/myown/WechatBot/handlers/msgHandler.go:73		{"error": "æ²¡æœ‰è·å–åˆ°æ¶ˆæ¯: <nil>"}
[2023/02/09 - 16:53:07.459]	[31merror[0m	/home/spike/project/myown/WechatBot/handlers/msgHandler.go:73		{"error": "æ²¡æœ‰è·å–åˆ°æ¶ˆæ¯: <nil>"}
[2023/02/09 - 16:53:24.360]	[31merror[0m	/home/spike/project/myown/WechatBot/handlers/msgHandler.go:73		{"error": "æ²¡æœ‰è·å–åˆ°æ¶ˆæ¯: <nil>"}
[2023/02/09 - 16:53:45.040]	[31merror[0m	/home/spike/project/myown/WechatBot/handlers/msgHandler.go:73		{"error": "æ²¡æœ‰è·å–åˆ°æ¶ˆæ¯: <nil>"}
[2023/02/09 - 16:53:54.548]	[31merror[0m	/home/spike/project/myown/WechatBot/handlers/msgHandler.go:73		{"error": "æ²¡æœ‰è·å–åˆ°æ¶ˆæ¯: <nil>"}
[2023/02/09 - 17:00:22.065]	[31merror[0m	/home/spike/project/myown/WechatBot/handlers/msgHandler.go:73		{"error": "æ²¡æœ‰è·å–åˆ°æ¶ˆæ¯: <nil>"}
[2023/02/09 - 17:09:21.833]	[31merror[0m	/home/spike/project/myown/WechatBot/handlers/msgHandler.go:73		{"error": "æ²¡æœ‰è·å–åˆ°æ¶ˆæ¯: <nil>"}
[2023/02/09 - 17:11:40.777]	[31merror[0m	/home/spike/project/myown/WechatBot/handlers/msgHandler.go:73		{"error": "æ²¡æœ‰è·å–åˆ°æ¶ˆæ¯: <nil>"}
[2023/02/09 - 17:17:08.235]	[31merror[0m	/home/spike/project/myown/WechatBot/handlers/msgHandler.go:73		{"error": "æ²¡æœ‰è·å–åˆ°æ¶ˆæ¯: <nil>"}
[2023/02/09 - 17:17:13.797]	[31merror[0m	/home/spike/project/myown/WechatBot/handlers/msgHandler.go:54		{"error": "got a nil reply"}
[2023/02/09 - 17:17:59.325]	[31merror[0m	/home/spike/project/myown/WechatBot/handlers/msgHandler.go:73		{"error": "æ²¡æœ‰è·å–åˆ°æ¶ˆæ¯: <nil>"}
[2023/02/09 - 17:18:02.567]	[31merror[0m	/home/spike/project/myown/WechatBot/handlers/msgHandler.go:73		{"error": "æ²¡æœ‰è·å–åˆ°æ¶ˆæ¯: <nil>"}
[2023/02/09 - 17:19:10.483]	[31merror[0m	/home/spike/project/myown/WechatBot/handlers/msgHandler.go:73		{"error": "æ²¡æœ‰è·å–åˆ°æ¶ˆæ¯: <nil>"}
[2023/02/09 - 17:20:09.546]	[31merror[0m	/home/spike/project/myown/WechatBot/handlers/msgHandler.go:73		{"error": "gpt request error: [400:invalid_request_error] -84 is less than the minimum of 0 - 'max_tokens'"}
[2023/02/09 - 17:21:00.548]	[31merror[0m	/home/spike/project/myown/WechatBot/handlers/msgHandler.go:73		{"error": "gpt request error: [429:server_error] The server had an error while processing your request. Sorry about that!"}
[2023/02/09 - 17:22:31.262]	[31merror[0m	/home/spike/project/myown/WechatBot/handlers/msgHandler.go:73		{"error": "æ²¡æœ‰è·å–åˆ°æ¶ˆæ¯: <nil>"}
[2023/02/09 - 17:22:41.916]	[31merror[0m	/home/spike/project/myown/WechatBot/handlers/msgHandler.go:73		{"error": "æ²¡æœ‰è·å–åˆ°æ¶ˆæ¯: <nil>"}
[2023/02/09 - 17:25:55.127]	[31merror[0m	/home/spike/project/myown/WechatBot/handlers/msgHandler.go:73		{"error": "æ²¡æœ‰è·å–åˆ°æ¶ˆæ¯: <nil>"}
[2023/02/09 - 17:26:31.009]	[31merror[0m	/home/spike/project/myown/WechatBot/handlers/msgHandler.go:54		{"error": "got a nil reply"}
[2023/02/09 - 17:26:45.049]	[31merror[0m	/home/spike/project/myown/WechatBot/handlers/msgHandler.go:54		{"error": "got a nil reply"}
[2023/02/09 - 17:27:13.481]	[31merror[0m	/home/spike/project/myown/WechatBot/handlers/msgHandler.go:54		{"error": "got a nil reply"}
[2023/02/09 - 17:27:58.149]	[31merror[0m	/home/spike/project/myown/WechatBot/handlers/msgHandler.go:73		{"error": "æ²¡æœ‰è·å–åˆ°æ¶ˆæ¯: <nil>"}
[2023/02/09 - 17:28:05.581]	[31merror[0m	/home/spike/project/myown/WechatBot/handlers/msgHandler.go:54		{"error": "got a nil reply"}
[2023/02/09 - 17:28:12.415]	[31merror[0m	/home/spike/project/myown/WechatBot/handlers/msgHandler.go:54		{"error": "got a nil reply"}
[2023/02/09 - 17:28:18.905]	[31merror[0m	/home/spike/project/myown/WechatBot/handlers/msgHandler.go:54		{"error": "got a nil reply"}
[2023/02/09 - 17:30:10.193]	[31merror[0m	/home/spike/project/myown/WechatBot/handlers/msgHandler.go:73		{"error": "æ²¡æœ‰è·å–åˆ°æ¶ˆæ¯: <nil>"}
[2023/02/09 - 17:30:56.961]	[31merror[0m	/home/spike/project/myown/WechatBot/handlers/msgHandler.go:54		{"error": "got a nil reply"}
[2023/02/09 - 17:31:53.593]	[31merror[0m	/home/spike/project/myown/WechatBot/handlers/msgHandler.go:73		{"error": "æ²¡æœ‰è·å–åˆ°æ¶ˆæ¯: <nil>"}
[2023/02/09 - 17:32:00.784]	[31merror[0m	/home/spike/project/myown/WechatBot/handlers/msgHandler.go:54		{"error": "got a nil reply"}
[2023/02/09 - 17:32:20.600]	[31merror[0m	/home/spike/project/myown/WechatBot/handlers/msgHandler.go:54		{"error": "got a nil reply"}
[2023/02/09 - 17:32:33.409]	[31merror[0m	/home/spike/project/myown/WechatBot/handlers/msgHandler.go:73		{"error": "æ²¡æœ‰è·å–åˆ°æ¶ˆæ¯: <nil>"}
[2023/02/09 - 17:50:15.464]	[31merror[0m	/home/spike/project/myown/WechatBot/handlers/msgHandler.go:54		{"error": "got a nil reply"}
[2023/02/09 - 17:50:25.350]	[31merror[0m	/home/spike/project/myown/WechatBot/handlers/msgHandler.go:54		{"error": "get gpt reply error :<nil>"}
[2023/02/09 - 17:51:09.481]	[31merror[0m	/home/spike/project/myown/WechatBot/handlers/msgHandler.go:54		{"error": "get gpt reply error :<nil>"}
[2023/02/09 - 17:52:07.797]	[31merror[0m	/home/spike/project/myown/WechatBot/handlers/msgHandler.go:54		{"error": "got a nil reply"}
[2023/02/09 - 17:53:50.357]	[31merror[0m	/home/spike/project/myown/WechatBot/handlers/msgHandler.go:54		{"error": "get gpt reply error :<nil>"}
[2023/02/09 - 17:55:42.673]	[31merror[0m	/home/spike/project/myown/WechatBot/handlers/msgHandler.go:73		{"error": "æ²¡æœ‰è·å–åˆ°æ¶ˆæ¯: <nil>"}
[2023/02/09 - 17:58:06.384]	[31merror[0m	/home/spike/project/myown/WechatBot/handlers/msgHandler.go:54		{"error": "got a nil reply"}
[2023/02/09 - 17:59:26.873]	[31merror[0m	/home/spike/project/myown/WechatBot/handlers/msgHandler.go:54		{"error": "got a nil reply"}
[2023/02/09 - 18:02:26.684]	[31merror[0m	/home/spike/project/myown/WechatBot/handlers/msgHandler.go:54		{"error": "got a nil reply"}
[2023/02/09 - 18:09:59.087]	[31merror[0m	/home/spike/project/myown/WechatBot/handlers/msgHandler.go:54		{"error": "got a nil reply"}
[2023/02/09 - 18:10:04.029]	[31merror[0m	/home/spike/project/myown/WechatBot/handlers/msgHandler.go:54		{"error": "get gpt reply error :<nil>"}
[2023/02/09 - 18:59:22.476]	[31merror[0m	/home/spike/project/myown/WechatBot/handlers/msgHandler.go:54		{"error": "got a nil reply"}
[2023/02/09 - 19:00:41.140]	[31merror[0m	/home/spike/project/myown/WechatBot/handlers/msgHandler.go:54		{"error": "got a nil reply"}
[2023/02/09 - 19:01:16.417]	[31merror[0m	/home/spike/project/myown/WechatBot/handlers/msgHandler.go:54		{"error": "got a nil reply"}
[2023/02/09 - 19:03:26.325]	[31merror[0m	/home/spike/project/myown/WechatBot/handlers/msgHandler.go:54		{"error": "got a nil reply"}
[2023/02/09 - 19:03:33.280]	[31merror[0m	/home/spike/project/myown/WechatBot/handlers/msgHandler.go:54		{"error": "got a nil reply"}
[2023/02/09 - 19:03:40.324]	[31merror[0m	/home/spike/project/myown/WechatBot/handlers/msgHandler.go:54		{"error": "got a nil reply"}
[2023/02/09 - 19:03:56.042]	[31merror[0m	/home/spike/project/myown/WechatBot/handlers/msgHandler.go:73		{"error": "æ²¡æœ‰è·å–åˆ°æ¶ˆæ¯: <nil>"}
[2023/02/09 - 19:06:14.156]	[31merror[0m	/home/spike/project/myown/WechatBot/handlers/msgHandler.go:54		{"error": "got a nil reply"}
[2023/02/09 - 19:08:18.958]	[31merror[0m	/home/spike/project/myown/WechatBot/handlers/msgHandler.go:54		{"error": "got a nil reply"}
[2023/02/09 - 22:24:34.037]	[31merror[0m	/home/spike/project/myown/WechatBot/handlers/msgHandler.go:54		{"error": "get coin error: symbol not in the token list,you provided symbol:[aptos]"}
